(---------------------------------------------------------------------)
(                                                                     )
(    NC DRILL Log                                                     )
(                                                                     )
(    Drawing          : PCAD SMOKEDETECTORultimasedinta.brd           )
(    Software Version : 17.2S025                                      )
(    Date/Time        : Sat Jan 17 01:13:57 2026                      )
(                                                                     )
(---------------------------------------------------------------------)



 Processing NC Parameters file 'nc_param.txt' ...

 NC PARAMETERS
 -------------

 FORMAT   		2.5
 MACHINE-OFFSET		x:0.00000	y:0.00000   (mm)
 FEEDRATE		1
 COORDINATES		ABSOLUTE
 OUTPUT-UNITS		METRIC
 TOOL-ORDER		INCREASING
 REPEAT-CODES		YES
 SUPPRESS-LEAD-ZEROES	NO
 SUPPRESS-TRAIL-ZEROES	NO
 SUPPRESS-EQUAL		NO
 TOOL-SELECT		NO
 HEADER			none
 LEADER			12
 CODE			ASCII
 SEPARATE		NO
 SEPARATE-ROUTING	NO
 OPTIMIZE_DRILLING	NO
 ENHANCED_EXCELLON	NO
 SCALE			1.000000



 Drill files being output to directory 'E:/proiect pcad p28/varianta oficiala sper' ...



     'PCAD SMOKEDETECTORultimasedinta-1-2.drl' created for holes connecting TOP and BOTTOM
     -------------------------------------------------------------------------------------

           Num     Size      +/- Tolerance     Plating   Quantity

            1.   0.3300    0.0000/  0.0000      PLATED          8
            2.   0.6000    0.0000/  0.0000      PLATED          2
            3.   0.9000    0.0000/  0.0000      PLATED         30
            4.   1.0000    0.0000/  0.0000      PLATED          3
            5.   1.1000    0.0000/  0.0000      PLATED         22
            6.   1.4000    0.0000/  0.0000      PLATED          3
            7.   3.1800    0.0000/  0.0000  NON_PLATED          2

     ---- Total holes:                                         70

     ---- Total head travel:              3.63 feet (1.11 meters)

